<?xml version="1.0" encoding="UTF-8"?>
<testsuite name="br.hss.test.ds.DataSourceTest" tests="6" skipped="0" failures="0" errors="0" timestamp="2017-01-17T02:36:15" hostname="MacBook-Air-de-Catia.local" time="0.016">
  <properties/>
  <testcase name="testDataSourceFileCSV" classname="br.hss.test.ds.DataSourceTest" time="0.002"/>
  <testcase name="testDataSourceFactoryExceptionWithIncorrectProperty" classname="br.hss.test.ds.DataSourceTest" time="0.001"/>
  <testcase name="testDataSourceFactoryExceptionWithNullProperty" classname="br.hss.test.ds.DataSourceTest" time="0.001"/>
  <testcase name="testDataSourceFileCSV" classname="br.hss.test.ds.DataSourceTest" time="0.0"/>
  <testcase name="testDataSourceFactoryExceptionWithIncorrectProperty" classname="br.hss.test.ds.DataSourceTest" time="0.0"/>
  <testcase name="testDataSourceFactoryExceptionWithNullProperty" classname="br.hss.test.ds.DataSourceTest" time="0.001"/>
  <system-out><![CDATA[]]></system-out>
  <system-err><![CDATA[]]></system-err>
</testsuite>
